<?xml version="1.0" encoding="UTF-8"?>
<testsuite xmlns:xsi="http://www.w3.org/2001/XMLSchema-instance" xsi:noNamespaceSchemaLocation="https://maven.apache.org/surefire/maven-surefire-plugin/xsd/surefire-test-report-3.0.xsd" version="3.0" name="TestSuite" time="0.125" tests="0" errors="0" skipped="0" failures="0">
  <properties>
    <property name="java.specification.version" value="22"/>
    <property name="sun.jnu.encoding" value="UTF-8"/>
    <property name="java.class.path" value="/Users/rashmithark/eclipse-workspace/APIFramework/target/test-classes:/Users/rashmithark/eclipse-workspace/APIFramework/target/classes:/Users/rashmithark/.m2/repository/io/rest-assured/rest-assured/5.5.0/rest-assured-5.5.0.jar:/Users/rashmithark/.m2/repository/org/apache/groovy/groovy/4.0.22/groovy-4.0.22.jar:/Users/rashmithark/.m2/repository/org/apache/groovy/groovy-xml/4.0.22/groovy-xml-4.0.22.jar:/Users/rashmithark/.m2/repository/org/apache/httpcomponents/httpclient/4.5.13/httpclient-4.5.13.jar:/Users/rashmithark/.m2/repository/org/apache/httpcomponents/httpcore/4.4.13/httpcore-4.4.13.jar:/Users/rashmithark/.m2/repository/commons-logging/commons-logging/1.2/commons-logging-1.2.jar:/Users/rashmithark/.m2/repository/commons-codec/commons-codec/1.11/commons-codec-1.11.jar:/Users/rashmithark/.m2/repository/org/apache/httpcomponents/httpmime/4.5.13/httpmime-4.5.13.jar:/Users/rashmithark/.m2/repository/org/ccil/cowan/tagsoup/tagsoup/1.2.1/tagsoup-1.2.1.jar:/Users/rashmithark/.m2/repository/io/rest-assured/json-path/5.5.0/json-path-5.5.0.jar:/Users/rashmithark/.m2/repository/org/apache/groovy/groovy-json/4.0.22/groovy-json-4.0.22.jar:/Users/rashmithark/.m2/repository/io/rest-assured/rest-assured-common/5.5.0/rest-assured-common-5.5.0.jar:/Users/rashmithark/.m2/repository/io/rest-assured/xml-path/5.5.0/xml-path-5.5.0.jar:/Users/rashmithark/.m2/repository/org/apache/commons/commons-lang3/3.11/commons-lang3-3.11.jar:/Users/rashmithark/.m2/repository/io/cucumber/cucumber-java/7.19.0/cucumber-java-7.19.0.jar:/Users/rashmithark/.m2/repository/io/cucumber/cucumber-core/7.19.0/cucumber-core-7.19.0.jar:/Users/rashmithark/.m2/repository/io/cucumber/cucumber-gherkin/7.19.0/cucumber-gherkin-7.19.0.jar:/Users/rashmithark/.m2/repository/io/cucumber/cucumber-gherkin-messages/7.19.0/cucumber-gherkin-messages-7.19.0.jar:/Users/rashmithark/.m2/repository/io/cucumber/gherkin/28.0.0/gherkin-28.0.0.jar:/Users/rashmithark/.m2/repository/io/cucumber/messages/24.1.0/messages-24.1.0.jar:/Users/rashmithark/.m2/repository/io/cucumber/testng-xml-formatter/0.2.0/testng-xml-formatter-0.2.0.jar:/Users/rashmithark/.m2/repository/io/cucumber/query/12.2.0/query-12.2.0.jar:/Users/rashmithark/.m2/repository/io/cucumber/tag-expressions/6.1.0/tag-expressions-6.1.0.jar:/Users/rashmithark/.m2/repository/io/cucumber/cucumber-expressions/17.1.0/cucumber-expressions-17.1.0.jar:/Users/rashmithark/.m2/repository/io/cucumber/datatable/7.19.0/datatable-7.19.0.jar:/Users/rashmithark/.m2/repository/io/cucumber/cucumber-plugin/7.19.0/cucumber-plugin-7.19.0.jar:/Users/rashmithark/.m2/repository/io/cucumber/docstring/7.19.0/docstring-7.19.0.jar:/Users/rashmithark/.m2/repository/io/cucumber/html-formatter/21.7.0/html-formatter-21.7.0.jar:/Users/rashmithark/.m2/repository/io/cucumber/junit-xml-formatter/0.5.0/junit-xml-formatter-0.5.0.jar:/Users/rashmithark/.m2/repository/io/cucumber/ci-environment/10.0.1/ci-environment-10.0.1.jar:/Users/rashmithark/.m2/repository/org/apiguardian/apiguardian-api/1.1.2/apiguardian-api-1.1.2.jar:/Users/rashmithark/.m2/repository/io/cucumber/cucumber-junit/7.19.0/cucumber-junit-7.19.0.jar:/Users/rashmithark/.m2/repository/org/testng/testng/7.10.2/testng-7.10.2.jar:/Users/rashmithark/.m2/repository/com/beust/jcommander/1.82/jcommander-1.82.jar:/Users/rashmithark/.m2/repository/org/webjars/jquery/3.7.1/jquery-3.7.1.jar:/Users/rashmithark/.m2/repository/org/hamcrest/hamcrest/2.2/hamcrest-2.2.jar:/Users/rashmithark/.m2/repository/org/hamcrest/hamcrest-all/1.3/hamcrest-all-1.3.jar:/Users/rashmithark/.m2/repository/org/slf4j/slf4j-simple/2.0.16/slf4j-simple-2.0.16.jar:/Users/rashmithark/.m2/repository/org/slf4j/slf4j-api/2.0.16/slf4j-api-2.0.16.jar:/Users/rashmithark/.m2/repository/org/jcommander/jcommander/2.0/jcommander-2.0.jar:/Users/rashmithark/.m2/repository/com/fasterxml/jackson/core/jackson-databind/2.17.2/jackson-databind-2.17.2.jar:/Users/rashmithark/.m2/repository/com/fasterxml/jackson/core/jackson-annotations/2.17.2/jackson-annotations-2.17.2.jar:/Users/rashmithark/.m2/repository/com/fasterxml/jackson/core/jackson-core/2.17.2/jackson-core-2.17.2.jar:/Users/rashmithark/.m2/repository/org/codehaus/groovy/groovy/3.0.22/groovy-3.0.22.jar:/Users/rashmithark/.m2/repository/junit/junit/4.13.2/junit-4.13.2.jar:/Users/rashmithark/.m2/repository/org/hamcrest/hamcrest-core/1.3/hamcrest-core-1.3.jar:/Users/rashmithark/.m2/repository/org/glassfish/javax.el/3.0.1-b06/javax.el-3.0.1-b06.jar:/Users/rashmithark/.m2/repository/com/google/guava/guava/31.1-jre/guava-31.1-jre.jar:/Users/rashmithark/.m2/repository/com/google/guava/failureaccess/1.0.1/failureaccess-1.0.1.jar:/Users/rashmithark/.m2/repository/com/google/guava/listenablefuture/9999.0-empty-to-avoid-conflict-with-guava/listenablefuture-9999.0-empty-to-avoid-conflict-with-guava.jar:/Users/rashmithark/.m2/repository/com/google/code/findbugs/jsr305/3.0.2/jsr305-3.0.2.jar:/Users/rashmithark/.m2/repository/org/checkerframework/checker-qual/3.12.0/checker-qual-3.12.0.jar:/Users/rashmithark/.m2/repository/com/google/errorprone/error_prone_annotations/2.11.0/error_prone_annotations-2.11.0.jar:/Users/rashmithark/.m2/repository/com/google/j2objc/j2objc-annotations/1.3/j2objc-annotations-1.3.jar:"/>
    <property name="java.vm.vendor" value="Oracle Corporation"/>
    <property name="sun.arch.data.model" value="64"/>
    <property name="java.vendor.url" value="https://java.oracle.com/"/>
    <property name="user.timezone" value="Asia/Kolkata"/>
    <property name="os.name" value="Mac OS X"/>
    <property name="java.vm.specification.version" value="22"/>
    <property name="sun.java.launcher" value="SUN_STANDARD"/>
    <property name="user.country" value="IN"/>
    <property name="sun.boot.library.path" value="/Library/Java/JavaVirtualMachines/jdk-22.jdk/Contents/Home/lib"/>
    <property name="sun.java.command" value="/Users/rashmithark/eclipse-workspace/APIFramework/target/surefire/surefirebooter-20241003171621222_3.jar /Users/rashmithark/eclipse-workspace/APIFramework/target/surefire 2024-10-03T17-16-21_190-jvmRun1 surefire-20241003171621222_1tmp surefire_0-20241003171621222_2tmp"/>
    <property name="http.nonProxyHosts" value="local|*.local|169.254/16|*.169.254/16"/>
    <property name="jdk.debug" value="release"/>
    <property name="surefire.test.class.path" value="/Users/rashmithark/eclipse-workspace/APIFramework/target/test-classes:/Users/rashmithark/eclipse-workspace/APIFramework/target/classes:/Users/rashmithark/.m2/repository/io/rest-assured/rest-assured/5.5.0/rest-assured-5.5.0.jar:/Users/rashmithark/.m2/repository/org/apache/groovy/groovy/4.0.22/groovy-4.0.22.jar:/Users/rashmithark/.m2/repository/org/apache/groovy/groovy-xml/4.0.22/groovy-xml-4.0.22.jar:/Users/rashmithark/.m2/repository/org/apache/httpcomponents/httpclient/4.5.13/httpclient-4.5.13.jar:/Users/rashmithark/.m2/repository/org/apache/httpcomponents/httpcore/4.4.13/httpcore-4.4.13.jar:/Users/rashmithark/.m2/repository/commons-logging/commons-logging/1.2/commons-logging-1.2.jar:/Users/rashmithark/.m2/repository/commons-codec/commons-codec/1.11/commons-codec-1.11.jar:/Users/rashmithark/.m2/repository/org/apache/httpcomponents/httpmime/4.5.13/httpmime-4.5.13.jar:/Users/rashmithark/.m2/repository/org/ccil/cowan/tagsoup/tagsoup/1.2.1/tagsoup-1.2.1.jar:/Users/rashmithark/.m2/repository/io/rest-assured/json-path/5.5.0/json-path-5.5.0.jar:/Users/rashmithark/.m2/repository/org/apache/groovy/groovy-json/4.0.22/groovy-json-4.0.22.jar:/Users/rashmithark/.m2/repository/io/rest-assured/rest-assured-common/5.5.0/rest-assured-common-5.5.0.jar:/Users/rashmithark/.m2/repository/io/rest-assured/xml-path/5.5.0/xml-path-5.5.0.jar:/Users/rashmithark/.m2/repository/org/apache/commons/commons-lang3/3.11/commons-lang3-3.11.jar:/Users/rashmithark/.m2/repository/io/cucumber/cucumber-java/7.19.0/cucumber-java-7.19.0.jar:/Users/rashmithark/.m2/repository/io/cucumber/cucumber-core/7.19.0/cucumber-core-7.19.0.jar:/Users/rashmithark/.m2/repository/io/cucumber/cucumber-gherkin/7.19.0/cucumber-gherkin-7.19.0.jar:/Users/rashmithark/.m2/repository/io/cucumber/cucumber-gherkin-messages/7.19.0/cucumber-gherkin-messages-7.19.0.jar:/Users/rashmithark/.m2/repository/io/cucumber/gherkin/28.0.0/gherkin-28.0.0.jar:/Users/rashmithark/.m2/repository/io/cucumber/messages/24.1.0/messages-24.1.0.jar:/Users/rashmithark/.m2/repository/io/cucumber/testng-xml-formatter/0.2.0/testng-xml-formatter-0.2.0.jar:/Users/rashmithark/.m2/repository/io/cucumber/query/12.2.0/query-12.2.0.jar:/Users/rashmithark/.m2/repository/io/cucumber/tag-expressions/6.1.0/tag-expressions-6.1.0.jar:/Users/rashmithark/.m2/repository/io/cucumber/cucumber-expressions/17.1.0/cucumber-expressions-17.1.0.jar:/Users/rashmithark/.m2/repository/io/cucumber/datatable/7.19.0/datatable-7.19.0.jar:/Users/rashmithark/.m2/repository/io/cucumber/cucumber-plugin/7.19.0/cucumber-plugin-7.19.0.jar:/Users/rashmithark/.m2/repository/io/cucumber/docstring/7.19.0/docstring-7.19.0.jar:/Users/rashmithark/.m2/repository/io/cucumber/html-formatter/21.7.0/html-formatter-21.7.0.jar:/Users/rashmithark/.m2/repository/io/cucumber/junit-xml-formatter/0.5.0/junit-xml-formatter-0.5.0.jar:/Users/rashmithark/.m2/repository/io/cucumber/ci-environment/10.0.1/ci-environment-10.0.1.jar:/Users/rashmithark/.m2/repository/org/apiguardian/apiguardian-api/1.1.2/apiguardian-api-1.1.2.jar:/Users/rashmithark/.m2/repository/io/cucumber/cucumber-junit/7.19.0/cucumber-junit-7.19.0.jar:/Users/rashmithark/.m2/repository/org/testng/testng/7.10.2/testng-7.10.2.jar:/Users/rashmithark/.m2/repository/com/beust/jcommander/1.82/jcommander-1.82.jar:/Users/rashmithark/.m2/repository/org/webjars/jquery/3.7.1/jquery-3.7.1.jar:/Users/rashmithark/.m2/repository/org/hamcrest/hamcrest/2.2/hamcrest-2.2.jar:/Users/rashmithark/.m2/repository/org/hamcrest/hamcrest-all/1.3/hamcrest-all-1.3.jar:/Users/rashmithark/.m2/repository/org/slf4j/slf4j-simple/2.0.16/slf4j-simple-2.0.16.jar:/Users/rashmithark/.m2/repository/org/slf4j/slf4j-api/2.0.16/slf4j-api-2.0.16.jar:/Users/rashmithark/.m2/repository/org/jcommander/jcommander/2.0/jcommander-2.0.jar:/Users/rashmithark/.m2/repository/com/fasterxml/jackson/core/jackson-databind/2.17.2/jackson-databind-2.17.2.jar:/Users/rashmithark/.m2/repository/com/fasterxml/jackson/core/jackson-annotations/2.17.2/jackson-annotations-2.17.2.jar:/Users/rashmithark/.m2/repository/com/fasterxml/jackson/core/jackson-core/2.17.2/jackson-core-2.17.2.jar:/Users/rashmithark/.m2/repository/org/codehaus/groovy/groovy/3.0.22/groovy-3.0.22.jar:/Users/rashmithark/.m2/repository/junit/junit/4.13.2/junit-4.13.2.jar:/Users/rashmithark/.m2/repository/org/hamcrest/hamcrest-core/1.3/hamcrest-core-1.3.jar:/Users/rashmithark/.m2/repository/org/glassfish/javax.el/3.0.1-b06/javax.el-3.0.1-b06.jar:/Users/rashmithark/.m2/repository/com/google/guava/guava/31.1-jre/guava-31.1-jre.jar:/Users/rashmithark/.m2/repository/com/google/guava/failureaccess/1.0.1/failureaccess-1.0.1.jar:/Users/rashmithark/.m2/repository/com/google/guava/listenablefuture/9999.0-empty-to-avoid-conflict-with-guava/listenablefuture-9999.0-empty-to-avoid-conflict-with-guava.jar:/Users/rashmithark/.m2/repository/com/google/code/findbugs/jsr305/3.0.2/jsr305-3.0.2.jar:/Users/rashmithark/.m2/repository/org/checkerframework/checker-qual/3.12.0/checker-qual-3.12.0.jar:/Users/rashmithark/.m2/repository/com/google/errorprone/error_prone_annotations/2.11.0/error_prone_annotations-2.11.0.jar:/Users/rashmithark/.m2/repository/com/google/j2objc/j2objc-annotations/1.3/j2objc-annotations-1.3.jar:"/>
    <property name="sun.cpu.endian" value="little"/>
    <property name="user.home" value="/Users/rashmithark"/>
    <property name="user.language" value="en"/>
    <property name="java.specification.vendor" value="Oracle Corporation"/>
    <property name="java.version.date" value="2024-07-16"/>
    <property name="java.home" value="/Library/Java/JavaVirtualMachines/jdk-22.jdk/Contents/Home"/>
    <property name="file.separator" value="/"/>
    <property name="basedir" value="/Users/rashmithark/eclipse-workspace/APIFramework"/>
    <property name="java.vm.compressedOopsMode" value="Zero based"/>
    <property name="line.separator" value="&#10;"/>
    <property name="java.vm.specification.vendor" value="Oracle Corporation"/>
    <property name="java.specification.name" value="Java Platform API Specification"/>
    <property name="apple.awt.application.name" value="ForkedBooter"/>
    <property name="surefire.real.class.path" value="/Users/rashmithark/eclipse-workspace/APIFramework/target/surefire/surefirebooter-20241003171621222_3.jar"/>
    <property name="sun.management.compiler" value="HotSpot 64-Bit Tiered Compilers"/>
    <property name="ftp.nonProxyHosts" value="local|*.local|169.254/16|*.169.254/16"/>
    <property name="java.runtime.version" value="22.0.2+9-70"/>
    <property name="user.name" value="rashmithark"/>
    <property name="stdout.encoding" value="UTF-8"/>
    <property name="path.separator" value=":"/>
    <property name="os.version" value="14.6"/>
    <property name="java.runtime.name" value="Java(TM) SE Runtime Environment"/>
    <property name="file.encoding" value="UTF-8"/>
    <property name="java.vm.name" value="Java HotSpot(TM) 64-Bit Server VM"/>
    <property name="localRepository" value="/Users/rashmithark/.m2/repository"/>
    <property name="java.vendor.url.bug" value="https://bugreport.java.com/bugreport/"/>
    <property name="java.io.tmpdir" value="/var/folders/v8/gk0d4wcn6k7bf7y90cz4lyg00000gn/T/"/>
    <property name="java.version" value="22.0.2"/>
    <property name="user.dir" value="/Users/rashmithark/eclipse-workspace/APIFramework"/>
    <property name="os.arch" value="aarch64"/>
    <property name="java.vm.specification.name" value="Java Virtual Machine Specification"/>
    <property name="native.encoding" value="UTF-8"/>
    <property name="java.library.path" value="/Users/rashmithark/Library/Java/Extensions:/Library/Java/Extensions:/Network/Library/Java/Extensions:/System/Library/Java/Extensions:/usr/lib/java:."/>
    <property name="java.vm.info" value="mixed mode, sharing"/>
    <property name="stderr.encoding" value="UTF-8"/>
    <property name="java.vendor" value="Oracle Corporation"/>
    <property name="java.vm.version" value="22.0.2+9-70"/>
    <property name="sun.io.unicode.encoding" value="UnicodeBig"/>
    <property name="socksNonProxyHosts" value="local|*.local|169.254/16|*.169.254/16"/>
    <property name="java.class.version" value="66.0"/>
  </properties>
</testsuite>